Aug 13 09:02 : update: added /How About Now - Drake.mp3
Aug 13 09:02 : update: added /Mala Rodríguez Ft. Calle 13 - Mala suerte con el 13.mp3
Aug 13 09:02 : update: added /Calle 13 - Atrevete te te (Explicit).mp3
Aug 13 09:02 : update: added /CANT STOP THE FEELING! - Justin Timberlake(w_lyrics).mp3
Aug 13 09:02 : update: added /Mala Rodríguez - Quien Manda.mp3
Aug 13 09:02 : update: added /AsAP Ferg - New Level ft. Future.mp3
Aug 13 09:02 : update: added /Calle 13 - Cumbia de los Aburridos.mp3
Aug 13 09:02 : update: added /Calle 13 - Tango del Pecado.mp3
Aug 13 09:02 : update: added /Mala Rodríguez - Por la Noche - (Letra Oficial).mp3
Aug 13 09:02 : update: added /Kent Jones - Dont Mind [LYRICS].mp3
Aug 13 09:02 : avahi: Service 'Music Player' successfully established.
Aug 13 09:03 : client: [0] opened from 127.0.0.1:33194
Aug 13 09:04 : client: [0] closed
Aug 13 09:06 : client: [1] opened from 127.0.0.1:33220
Aug 13 09:06 : player: played "AsAP Ferg - New Level ft. Future.mp3"
Aug 13 09:10 : player: played "Calle 13 - Atrevete te te (Explicit).mp3"
Aug 13 09:14 : player: played "Calle 13 - Tango del Pecado.mp3"
Aug 13 09:18 : player: played "Calle 13 - Cumbia de los Aburridos.mp3"
Aug 13 09:22 : player: played "CANT STOP THE FEELING! - Justin Timberlake(w_lyrics).mp3"
Aug 13 09:24 : player: played "How About Now - Drake.mp3"
Aug 13 09:27 : player: played "Kent Jones - Dont Mind [LYRICS].mp3"
Aug 13 09:31 : player: played "Mala Rodríguez - Por la Noche - (Letra Oficial).mp3"
Aug 13 09:31 : player: played "Mala Rodríguez - Quien Manda.mp3"
Aug 13 09:36 : player: played "Mala Rodríguez Ft. Calle 13 - Mala suerte con el 13.mp3"
Aug 13 10:12 : player: played "Mala Rodríguez Ft. Calle 13 - Mala suerte con el 13.mp3"
Aug 13 10:14 : client: [1] closed
Aug 13 10:14 : client: [2] opened from 127.0.0.1:34212
Aug 13 10:18 : player: played "Mala Rodríguez Ft. Calle 13 - Mala suerte con el 13.mp3"
Aug 13 10:23 : client: [2] closed
Aug 13 10:23 : pulse_output: "fefita" [pulse] failed to play: disconnected
Aug 13 10:23 : player: played "AsAP Ferg - New Level ft. Future.mp3"
Aug 13 10:31 : avahi: Service 'Music Player' successfully established.
Aug 13 10:31 : client: [0] opened from 127.0.0.1:46064
Aug 13 10:31 : player: played "AsAP Ferg - New Level ft. Future.mp3"
Aug 13 10:36 : player: played "Mala Rodríguez Ft. Calle 13 - Mala suerte con el 13.mp3"
Aug 13 10:38 : player: played "AsAP Ferg - New Level ft. Future.mp3"
Aug 13 10:42 : player: played "Kent Jones - Dont Mind [LYRICS].mp3"
Aug 13 10:45 : player: played "Mala Rodríguez - Por la Noche - (Letra Oficial).mp3"
Aug 13 10:48 : player: played "Mala Rodríguez - Quien Manda.mp3"
Aug 13 10:56 : player: played "Mala Rodríguez Ft. Calle 13 - Mala suerte con el 13.mp3"
Aug 13 10:59 : update: added 2005_c13/07 Hormiga Brava (feat. PG-13).mp3
Aug 13 10:59 : update: added 2005_c13/09 Intel-lu La Comemierda.mp3
Aug 13 10:59 : update: added 2005_c13/08 La Jirafa.mp3
Aug 13 10:59 : update: added 2005_c13/10 Atrevete-te-te (feat. Edgar Abraham).mp3
Aug 13 10:59 : update: added 2005_c13/04 Se Vale To-To.mp3
Aug 13 10:59 : update: added 2005_c13/11 Pi-Di-Di-Di.mp3
Aug 13 10:59 : update: added 2005_c13/16 La Madre De Los Enanos.mp3
Aug 13 10:59 : update: added 2005_c13/05 Intel-lu Ayala.mp3
Aug 13 10:59 : update: added 2005_c13/02 Suave.mp3
Aug 13 10:59 : update: added 2005_c13/12 Vamo Animal (feat. Cevero Canta Claro).mp3
Aug 13 10:59 : update: added 2005_c13/06 Tengo Hambre.mp3
Aug 13 10:59 : update: added 2005_c13/17 Suave Mix (Blass Remix).mp3
Aug 13 10:59 : update: added 2005_c13/15 La Tripleta (feat. PG-13).mp3
Aug 13 10:59 : update: added 2005_c13/13 Electrico.mp3
Aug 13 10:59 : update: added 2005_c13/14 Sin Coro (feat. Tuna Bardos).mp3
Aug 13 10:59 : update: added 2005_c13/01 Cabe-c-o.mp3
Aug 13 10:59 : update: added 2005_c13/03 La Aguacatona (feat. Voltio & PG-13).mp3
Aug 13 10:59 : player: played "AsAP Ferg - New Level ft. Future.mp3"
Aug 13 10:59 : player: played "2005_c13/01 Cabe-c-o.mp3"
Aug 13 11:02 : player: played "2005_c13/01 Cabe-c-o.mp3"
Aug 13 11:06 : player: played "2005_c13/02 Suave.mp3"
Aug 13 11:10 : player: played "2005_c13/03 La Aguacatona (feat. Voltio & PG-13).mp3"
Aug 13 11:14 : player: played "2005_c13/04 Se Vale To-To.mp3"
Aug 13 11:14 : player: played "2005_c13/05 Intel-lu Ayala.mp3"
Aug 13 11:18 : player: played "2005_c13/06 Tengo Hambre.mp3"
Aug 13 11:22 : player: played "2005_c13/07 Hormiga Brava (feat. PG-13).mp3"
Aug 13 11:26 : player: played "2005_c13/08 La Jirafa.mp3"
Aug 13 11:26 : player: played "2005_c13/09 Intel-lu La Comemierda.mp3"
Aug 13 11:30 : player: played "2005_c13/10 Atrevete-te-te (feat. Edgar Abraham).mp3"
Aug 13 11:34 : player: played "2005_c13/11 Pi-Di-Di-Di.mp3"
Aug 13 11:38 : player: played "2005_c13/12 Vamo Animal (feat. Cevero Canta Claro).mp3"
Aug 13 11:41 : player: played "2005_c13/13 Electrico.mp3"
Aug 13 11:45 : player: played "2005_c13/14 Sin Coro (feat. Tuna Bardos).mp3"
Aug 13 11:48 : player: played "2005_c13/15 La Tripleta (feat. PG-13).mp3"
Aug 13 11:52 : player: played "2005_c13/16 La Madre De Los Enanos.mp3"
Aug 13 11:56 : player: played "2005_c13/17 Suave Mix (Blass Remix).mp3"
Aug 13 12:00 : player: played "AsAP Ferg - New Level ft. Future.mp3"
Aug 13 12:04 : player: played "Calle 13 - Atrevete te te (Explicit).mp3"
Aug 13 12:08 : player: played "Calle 13 - Tango del Pecado.mp3"
Aug 13 12:13 : player: played "Calle 13 - Cumbia de los Aburridos.mp3"
Aug 13 12:17 : player: played "CANT STOP THE FEELING! - Justin Timberlake(w_lyrics).mp3"
Aug 13 12:21 : player: played "How About Now - Drake.mp3"
Aug 13 12:23 : player: played "Kent Jones - Dont Mind [LYRICS].mp3"
Aug 13 12:27 : player: played "2005_c13/01 Cabe-c-o.mp3"
Aug 13 12:31 : player: played "2005_c13/02 Suave.mp3"
Aug 13 12:31 : player: played "2005_c13/03 La Aguacatona (feat. Voltio & PG-13).mp3"
Aug 13 12:31 : player: played "2005_c13/05 Intel-lu Ayala.mp3"
Aug 13 12:31 : player: played "2005_c13/06 Tengo Hambre.mp3"
Aug 13 12:36 : player: played "Mala Rodríguez Ft. Calle 13 - Mala suerte con el 13.mp3"
Aug 13 12:39 : client: [0] closed
Aug 13 12:40 : player: played "2005_c13/01 Cabe-c-o.mp3"
Aug 13 12:42 : client: [1] opened from 127.0.0.1:46820
Aug 13 12:42 : update: added 2012_calle13/14 - Alejandro Sanz Vs Juanes Vs Calle 13 -  La Peleita.mp3
Aug 13 12:42 : update: added 2012_calle13/20 - No Hay Nadie Como Tu (Con Cafe Tacuba) .mp3
Aug 13 12:42 : update: added 2012_calle13/13 - Orishas Vs Calle 13 - Pal Norte.mp3
Aug 13 12:42 : update: added 2012_calle13/03 - Dj Yamo Vs Calle 13 - Tocarte Toa.mp3
Aug 13 12:42 : update: added 2012_calle13/11- Querido FBI.mp3
Aug 13 12:42 : update: added 2012_calle13/07 - Nelly Furtado Vs Calle 13 - No Hay Igual.mp3
Aug 13 12:42 : update: added 2012_calle13/02 - Suave.mp3
Aug 13 12:42 : update: added 2012_calle13/21- Calma Pueblo.mp3
Aug 13 12:42 : update: added 2012_calle13/17 - Que Lloren.mp3
Aug 13 12:42 : update: added 2012_calle13/12 - Calle 13 - Tal Para Cual.mp3
Aug 13 12:42 : update: added 2012_calle13/19 - Digo Lo Que Pienso.mp3
Aug 13 12:42 : update: added 2012_calle13/18 - Vamo’ A Portarnos Mal.mp3
Aug 13 12:42 : update: added 2012_calle13/10 - Electro Movimiento.mp3
Aug 13 12:42 : update: added 2012_calle13/16  - Fiesta De Locos.mp3
Aug 13 12:42 : update: added 2012_calle13/01 - La Fokin Moda.mp3
Aug 13 12:42 : update: added 2012_calle13/04 - Iatrevate Te Te.mp3
Aug 13 12:42 : update: added 2012_calle13/06 - Tango Del Pecado.mp3
Aug 13 12:42 : update: added 2012_calle13/05 - Cumbia De Los Aburridos.mp3
Aug 13 12:42 : update: added 2012_calle13/15 - Calle 13 - Ven Y Criticame.mp3
Aug 13 12:42 : update: added 2012_calle13/08 - Me Voy Pal Norte Ft. Orishas.mp3
Aug 13 12:42 : update: added 2012_calle13/22 - La Perla (Con La Chilinga & Ruben Blades) .mp3
Aug 13 12:42 : update: added 2012_calle13/09 - Un Beso De Desayuno.mp3
Aug 13 12:42 : update: added 2008_calle13/05 Ven y Crit¡came.mp3
Aug 13 12:42 : update: added 2008_calle13/04 Gringo Latin Funk.mp3
Aug 13 12:42 : update: added 2008_calle13/03 No Hay Nadie Como T£ (feat. Caf‚ Tacvba).mp3
Aug 13 12:42 : update: added 2008_calle13/01 Intro - Cr¢nica De Un Nacimiento.mp3
Aug 13 12:42 : update: added 2008_calle13/02 Que Lloren.mp3
Aug 13 12:42 : update: added 2010_calle13/04. La Vuelta Al Mundo.mp3
Aug 13 12:42 : update: added 2010_calle13/03. Baile De Los Pobres.mp3
Aug 13 12:42 : update: added 2010_calle13/13. Prepárame La Cena.mp3
Aug 13 12:42 : update: added 2010_calle13/10. Muerte En Hawaii.mp3
Aug 13 12:42 : update: added 2010_calle13/02. Calma Pueblo.mp3
Aug 13 12:42 : update: added 2010_calle13/08. En Annunakilandia.mp3
Aug 13 12:42 : update: added 2010_calle13/07. Latinoamérica.mp3
Aug 13 12:42 : update: added 2010_calle13/09. Digo Lo Que Pienso.mp3
Aug 13 12:42 : update: added 2010_calle13/11. Todo Se Mueve.mp3
Aug 13 12:42 : update: added 2010_calle13/05. La Bala.mp3
Aug 13 12:42 : update: added 2010_calle13/06. Vamo’ A Portarnos Mal.mp3
Aug 13 12:42 : update: added 2010_calle13/01. Intro.mp3
Aug 13 12:42 : update: added 2010_calle13/14. Outro.mp3
Aug 13 12:42 : update: added 2010_calle13/12. El Hormiguero.mp3
Aug 13 12:42 : player: played "2005_c13/02 Suave.mp3"
Aug 13 12:46 : player: played "Mala Rodríguez - Por la Noche - (Letra Oficial).mp3"
Aug 13 12:50 : player: played "AsAP Ferg - New Level ft. Future.mp3"
Aug 13 12:51 : player: played "How About Now - Drake.mp3"
Aug 13 12:55 : player: played "Mala Rodríguez Ft. Calle 13 - Mala suerte con el 13.mp3"
Aug 13 12:56 : player: played "AsAP Ferg - New Level ft. Future.mp3"
Aug 13 12:59 : player: played "2005_c13/01 Cabe-c-o.mp3"
Aug 13 12:59 : player: played "AsAP Ferg - New Level ft. Future.mp3"
Aug 13 13:00 : player: played "2005_c13/02 Suave.mp3"
Aug 13 13:00 : player: played "2005_c13/16 La Madre De Los Enanos.mp3"
Aug 13 13:00 : player: played "2005_c13/15 La Tripleta (feat. PG-13).mp3"
Aug 13 13:00 : player: played "2005_c13/14 Sin Coro (feat. Tuna Bardos).mp3"
Aug 13 13:03 : player: played "2005_c13/13 Electrico.mp3"
Aug 13 13:05 : player: played "2005_c13/14 Sin Coro (feat. Tuna Bardos).mp3"
Aug 13 13:05 : player: played "2005_c13/15 La Tripleta (feat. PG-13).mp3"
Aug 13 13:05 : player: played "2005_c13/13 Electrico.mp3"
Aug 13 13:09 : player: played "2005_c13/12 Vamo Animal (feat. Cevero Canta Claro).mp3"
Aug 13 13:09 : player: played "2005_c13/13 Electrico.mp3"
Aug 13 13:09 : player: played "2005_c13/09 Intel-lu La Comemierda.mp3"
Aug 13 13:09 : player: played "2005_c13/08 La Jirafa.mp3"
Aug 13 13:13 : player: played "2005_c13/07 Hormiga Brava (feat. PG-13).mp3"
Aug 13 13:13 : player: played "2005_c13/08 La Jirafa.mp3"
Aug 13 13:13 : player: played "2005_c13/06 Tengo Hambre.mp3"
Aug 13 13:13 : player: played "2005_c13/05 Intel-lu Ayala.mp3"
Aug 13 13:17 : player: played "2005_c13/04 Se Vale To-To.mp3"
Aug 13 13:17 : player: played "2005_c13/05 Intel-lu Ayala.mp3"
Aug 13 13:20 : player: played "2005_c13/01 Cabe-c-o.mp3"
Aug 13 13:21 : player: played "2005_c13/02 Suave.mp3"
Aug 13 13:21 : player: played "2010_calle13/01. Intro.mp3"
Aug 13 13:21 : player: played "2010_calle13/02. Calma Pueblo.mp3"
Aug 13 13:21 : player: played "2010_calle13/03. Baile De Los Pobres.mp3"
Aug 13 13:21 : player: played "2010_calle13/04. La Vuelta Al Mundo.mp3"
Aug 13 13:21 : player: played "2010_calle13/05. La Bala.mp3"
Aug 13 13:21 : player: played "2010_calle13/06. Vamo’ A Portarnos Mal.mp3"
Aug 13 13:21 : player: played "2010_calle13/07. Latinoamérica.mp3"
Aug 13 13:21 : player: played "2010_calle13/08. En Annunakilandia.mp3"
Aug 13 13:21 : player: played "2010_calle13/09. Digo Lo Que Pienso.mp3"
Aug 13 13:21 : player: played "2010_calle13/10. Muerte En Hawaii.mp3"
Aug 13 13:21 : player: played "2010_calle13/11. Todo Se Mueve.mp3"
Aug 13 13:22 : player: played "2010_calle13/12. El Hormiguero.mp3"
Aug 13 13:22 : player: played "2010_calle13/13. Prepárame La Cena.mp3"
Aug 13 13:22 : player: played "2010_calle13/14. Outro.mp3"
Aug 13 13:22 : player: played "2012_calle13/01 - La Fokin Moda.mp3"
Aug 13 13:22 : player: played "2012_calle13/02 - Suave.mp3"
Aug 13 13:22 : player: played "2012_calle13/03 - Dj Yamo Vs Calle 13 - Tocarte Toa.mp3"
Aug 13 13:22 : player: played "2012_calle13/04 - Iatrevate Te Te.mp3"
Aug 13 13:22 : player: played "2012_calle13/05 - Cumbia De Los Aburridos.mp3"
Aug 13 13:26 : player: played "2012_calle13/06 - Tango Del Pecado.mp3"
Aug 13 13:26 : player: played "AsAP Ferg - New Level ft. Future.mp3"
Aug 13 13:27 : player: played "2012_calle13/06 - Tango Del Pecado.mp3"
Aug 13 13:27 : player: played "2012_calle13/07 - Nelly Furtado Vs Calle 13 - No Hay Igual.mp3"
Aug 13 13:31 : player: played "2012_calle13/08 - Me Voy Pal Norte Ft. Orishas.mp3"
Aug 13 13:32 : client: [1] closed
Aug 13 13:32 : client: [2] opened from 127.0.0.1:47816
Aug 13 13:32 : player: played "AsAP Ferg - New Level ft. Future.mp3"
Aug 13 13:36 : player: played "Mala Rodríguez - Por la Noche - (Letra Oficial).mp3"
Aug 13 13:39 : player: played "Mala Rodríguez - Quien Manda.mp3"
Aug 13 13:43 : player: played "Mala Rodríguez Ft. Calle 13 - Mala suerte con el 13.mp3"
Aug 13 13:47 : player: played "Mala Rodríguez - Por la Noche - (Letra Oficial).mp3"
Aug 13 13:50 : player: played "Mala Rodríguez - Quien Manda.mp3"
Aug 13 13:54 : player: played "Mala Rodríguez Ft. Calle 13 - Mala suerte con el 13.mp3"
Aug 13 13:58 : player: played "Mala Rodríguez - Por la Noche - (Letra Oficial).mp3"
Aug 13 14:01 : player: played "Mala Rodríguez - Quien Manda.mp3"
Aug 13 14:05 : player: played "Mala Rodríguez Ft. Calle 13 - Mala suerte con el 13.mp3"
Aug 13 14:06 : player: played "Mala Rodríguez - Por la Noche - (Letra Oficial).mp3"
Aug 13 16:35 : player: played "Kent Jones - Dont Mind [LYRICS].mp3"
Aug 13 16:39 : player: played "Mala Rodríguez - Por la Noche - (Letra Oficial).mp3"
Aug 13 16:42 : player: played "Mala Rodríguez - Quien Manda.mp3"
Aug 13 16:49 : player: played "Mala Rodríguez Ft. Calle 13 - Mala suerte con el 13.mp3"
Aug 13 16:52 : player: played "Kent Jones - Dont Mind [LYRICS].mp3"
Aug 13 16:56 : player: played "Mala Rodríguez - Por la Noche - (Letra Oficial).mp3"
Aug 13 16:59 : player: played "Mala Rodríguez - Quien Manda.mp3"
Aug 13 17:03 : player: played "Mala Rodríguez Ft. Calle 13 - Mala suerte con el 13.mp3"
Aug 13 17:07 : player: played "Kent Jones - Dont Mind [LYRICS].mp3"
Aug 13 17:11 : player: played "Mala Rodríguez - Por la Noche - (Letra Oficial).mp3"
Aug 13 17:14 : player: played "Mala Rodríguez - Quien Manda.mp3"
Aug 13 17:18 : player: played "Mala Rodríguez Ft. Calle 13 - Mala suerte con el 13.mp3"
Aug 13 17:22 : player: played "Kent Jones - Dont Mind [LYRICS].mp3"
Aug 13 17:25 : player: played "Mala Rodríguez - Por la Noche - (Letra Oficial).mp3"
Aug 13 17:28 : player: played "Mala Rodríguez - Quien Manda.mp3"
Aug 13 17:33 : player: played "Mala Rodríguez Ft. Calle 13 - Mala suerte con el 13.mp3"
Aug 13 17:36 : player: played "Kent Jones - Dont Mind [LYRICS].mp3"
Aug 13 17:40 : player: played "Mala Rodríguez - Por la Noche - (Letra Oficial).mp3"
Aug 13 17:43 : player: played "Mala Rodríguez - Quien Manda.mp3"
Aug 13 17:47 : player: played "Mala Rodríguez Ft. Calle 13 - Mala suerte con el 13.mp3"
Aug 13 17:51 : player: played "Kent Jones - Dont Mind [LYRICS].mp3"
Aug 13 17:54 : player: played "Mala Rodríguez - Por la Noche - (Letra Oficial).mp3"
Aug 13 17:57 : player: played "Mala Rodríguez - Quien Manda.mp3"
Aug 13 18:02 : player: played "Mala Rodríguez Ft. Calle 13 - Mala suerte con el 13.mp3"
Aug 13 18:03 : player: played "Kent Jones - Dont Mind [LYRICS].mp3"
Aug 13 18:06 : player: played "2005_c13/01 Cabe-c-o.mp3"
Aug 13 18:10 : player: played "2005_c13/02 Suave.mp3"
Aug 13 18:14 : player: played "2005_c13/03 La Aguacatona (feat. Voltio & PG-13).mp3"
Aug 13 18:14 : player: played "2005_c13/04 Se Vale To-To.mp3"
Aug 14 10:46 : player: played "Mala Rodríguez Ft. Calle 13 - Mala suerte con el 13.mp3"
Aug 14 21:31 : client: [2] closed
